M "array_example3"
R
C 0
= 0x7f9bf9404548
R
P 0x7f9bf9404548
S "MODEL"
S "true"
C 2
R
P 0x7f9bf9404548
C 3
= 0x7f9bf9810008
R
P 0x7f9bf9404548
C 1
R
P 0x7f9bf9810008
C 29
= 0x7f9bf9822c18
R
P 0x7f9bf9810008
C 30
= 0x7f9bf9822cd8
R
P 0x7f9bf9810008
P 0x7f9bf9822cd8
P 0x7f9bf9822c18
C 34
= 0x7f9bf9823538
R
P 0x7f9bf9810008
P 0x7f9bf9823538
C 163
R
P 0x7f9bf9810008
P 0x7f9bf9823538
C 166
= 0x7f9bf9822cd8
R
P 0x7f9bf9810008
P 0x7f9bf9823538
C 167
= 0x7f9bf9822c18
R
P 0x7f9bf9810008
P 0x7f9bf9822cd8
C 163
R
P 0x7f9bf9810008
P 0x7f9bf9822c18
C 163
R
P 0x7f9bf9810008
C 5
